#
# A fatal error has been detected by the Java Runtime Environment:
#
#  EXCEPTION_ACCESS_VIOLATION (0xc0000005) at pc=0x00007ffbc92093d5, pid=79728, tid=82412
#
# JRE version: Java(TM) SE Runtime Environment (8.0_31-b13) (build 1.8.0_31-b13)
# Java VM: Java HotSpot(TM) 64-Bit Server VM (25.31-b07 mixed mode windows-amd64 compressed oops)
# Problematic frame:
# C  [avformat-58.dll+0x193d5]
#
# Failed to write core dump. Minidumps are not enabled by default on client versions of Windows
#
# If you would like to submit a bug report, please visit:
#   http://bugreport.java.com/bugreport/crash.jsp
# The crash happened outside the Java Virtual Machine in native code.
# See problematic frame for where to report the bug.
#

---------------  T H R E A D  ---------------

Current thread (0x0000000023662000):  JavaThread "pool-1-thread-1" [_thread_in_native, id=82412, stack(0x0000000026df0000,0x0000000026ef0000)]

siginfo: ExceptionCode=0xc0000005, reading address 0x0000000000000000

Registers:
RAX=0x0000000000000000, RBX=0x0000000000000000, RCX=0x0000000000000000, RDX=0x0000000000000000
RSP=0x0000000026eeea08, RBP=0x0000000021e67780, RSI=0x0000000000000000, RDI=0x0000000026fa9000
R8 =0x0000000000000004, R9 =0x0000000000000001, R10=0x0000000000000003, R11=0xfffffffffffffffd
R12=0x0000000026f7b100, R13=0x0000000026eeead0, R14=0x0000000026eeead8, R15=0x0000000021eb8f40
RIP=0x00007ffbc92093d5, EFLAGS=0x0000000000010217

Top of Stack: (sp=0x0000000026eeea08)
0x0000000026eeea08:   00007ffbc92095b0 0000000026f07680
0x0000000026eeea18:   0000000000000000 000000001c977028
0x0000000026eeea28:   0000000026eeea58 0000000021e67780
0x0000000026eeea38:   0000000026f7b100 0000000000000000
0x0000000026eeea48:   0000000026f7dcc0 0000000026fa9000
0x0000000026eeea58:   0000000021e67780 0000000026f07680
0x0000000026eeea68:   0000000026f07c80 0000000000000005
0x0000000026eeea78:   00007ffbc9246f8b 0000000023662000
0x0000000026eeea88:   0000000054ce836f 0000000023a5b560
0x0000000026eeea98:   0000000026eeeb50 0000000026eeec40
0x0000000026eeeaa8:   0000001900000002 0000000000000027
0x0000000026eeeab8:   0000000000000000 000000000000010c
0x0000000026eeeac8:   0000000003060363 0000000000000000
0x0000000026eeead8:   0000000000000000 0000000000000000
0x0000000026eeeae8:   0000000000000000 0000000000000001
0x0000000026eeeaf8:   0000000021e67780 0000000026f07680 

Instructions: (pc=0x00007ffbc92093d5)
0x00007ffbc92093b5:   5a fd 48 83 e0 fc 4c 8d 40 04 48 89 c8 4c 39 c1
0x00007ffbc92093c5:   73 2c 4c 39 d9 72 09 eb 25 66 90 49 39 c3 76 1e
0x00007ffbc92093d5:   80 38 00 75 10 80 78 01 00 75 0a 80 78 02 01 0f
0x00007ffbc92093e5:   84 a6 00 00 00 48 83 c0 01 49 39 c0 77 dd 4c 8d 


Register to memory mapping:

RAX=0x0000000000000000 is an unknown value
RBX=0x0000000000000000 is an unknown value
RCX=0x0000000000000000 is an unknown value
RDX=0x0000000000000000 is an unknown value
RSP=0x0000000026eeea08 is pointing into the stack for thread: 0x0000000023662000
RBP=0x0000000021e67780 is an unknown value
RSI=0x0000000000000000 is an unknown value
RDI=0x0000000026fa9000 is an unknown value
R8 =0x0000000000000004 is an unknown value
R9 =0x0000000000000001 is an unknown value
R10=0x0000000000000003 is an unknown value
R11=0xfffffffffffffffd is an unknown value
R12=0x0000000026f7b100 is an unknown value
R13=0x0000000026eeead0 is pointing into the stack for thread: 0x0000000023662000
R14=0x0000000026eeead8 is pointing into the stack for thread: 0x0000000023662000
R15=0x0000000021eb8f40 is an unknown value


Stack: [0x0000000026df0000,0x0000000026ef0000],  sp=0x0000000026eeea08,  free space=1018k
Native frames: (J=compiled Java code, j=interpreted, Vv=VM code, C=native code)
C  [avformat-58.dll+0x193d5]
C  [avformat-58.dll+0x195b0]
C  [avformat-58.dll+0x56f8b]
C  [avformat-58.dll+0xe2dc9]
C  [avformat-58.dll+0xe4d4d]
C  0x000000000304dd0c

Java frames: (J=compiled Java code, j=interpreted, Vv=VM code)
j  org.bytedeco.ffmpeg.global.avformat.av_write_frame(Lorg/bytedeco/ffmpeg/avformat/AVFormatContext;Lorg/bytedeco/ffmpeg/avcodec/AVPacket;)I+0
j  org.bytedeco.javacv.FFmpegFrameRecorder.writePacket(ILorg/bytedeco/ffmpeg/avcodec/AVPacket;)V+135
j  org.bytedeco.javacv.FFmpegFrameRecorder.recordPacket(Lorg/bytedeco/ffmpeg/avcodec/AVPacket;)Z+177
j  de.onvif.push.CameraPush.push()V+782
j  de.onvif.thread.CameraThread$MyRunnable.run()V+57
j  java.util.concurrent.ThreadPoolExecutor.runWorker(Ljava/util/concurrent/ThreadPoolExecutor$Worker;)V+95
j  java.util.concurrent.ThreadPoolExecutor$Worker.run()V+5
j  java.lang.Thread.run()V+11
v  ~StubRoutines::call_stub

---------------  P R O C E S S  ---------------

Java Threads: ( => current thread )
  0x000000002366a000 JavaThread "Java2D Disposer" daemon [_thread_blocked, id=86892, stack(0x000000002e320000,0x000000002e420000)]
=>0x0000000023662000 JavaThread "pool-1-thread-1" [_thread_in_native, id=82412, stack(0x0000000026df0000,0x0000000026ef0000)]
  0x0000000023668800 JavaThread "Keep-Alive-Timer" daemon [_thread_blocked, id=86616, stack(0x0000000026af0000,0x0000000026bf0000)]
  0x0000000023669000 JavaThread "RMI TCP Connection(idle)" daemon [_thread_blocked, id=82064, stack(0x0000000025ef0000,0x0000000025ff0000)]
  0x0000000023664800 JavaThread "RMI TCP Connection(idle)" daemon [_thread_blocked, id=14420, stack(0x0000000025df0000,0x0000000025ef0000)]
  0x0000000023667800 JavaThread "GC Daemon" daemon [_thread_blocked, id=86468, stack(0x0000000025cf0000,0x0000000025df0000)]
  0x0000000023665000 JavaThread "DestroyJavaVM" [_thread_blocked, id=82600, stack(0x0000000002d30000,0x0000000002e30000)]
  0x0000000023667000 JavaThread "timeTimer" [_thread_blocked, id=86064, stack(0x00000000259f0000,0x0000000025af0000)]
  0x00000000214f3000 JavaThread "http-nio-8081-Acceptor-0" daemon [_thread_in_native, id=87504, stack(0x00000000258f0000,0x00000000259f0000)]
  0x00000000214f2000 JavaThread "http-nio-8081-ClientPoller-1" daemon [_thread_in_native, id=85868, stack(0x00000000257f0000,0x00000000258f0000)]
  0x00000000214f7800 JavaThread "http-nio-8081-ClientPoller-0" daemon [_thread_in_native, id=2984, stack(0x00000000256f0000,0x00000000257f0000)]
  0x00000000214f6000 JavaThread "http-nio-8081-exec-10" daemon [_thread_blocked, id=86564, stack(0x00000000255f0000,0x00000000256f0000)]
  0x00000000214f1000 JavaThread "http-nio-8081-exec-9" daemon [_thread_blocked, id=84024, stack(0x00000000254f0000,0x00000000255f0000)]
  0x00000000214f5000 JavaThread "http-nio-8081-exec-8" daemon [_thread_blocked, id=86784, stack(0x00000000253f0000,0x00000000254f0000)]
  0x00000000214f4800 JavaThread "http-nio-8081-exec-7" daemon [_thread_blocked, id=76732, stack(0x00000000252f0000,0x00000000253f0000)]
  0x00000000214f6800 JavaThread "http-nio-8081-exec-6" daemon [_thread_blocked, id=85500, stack(0x00000000251f0000,0x00000000252f0000)]
  0x00000000214f8000 JavaThread "http-nio-8081-exec-5" daemon [_thread_blocked, id=65900, stack(0x00000000250f0000,0x00000000251f0000)]
  0x00000000214f3800 JavaThread "http-nio-8081-exec-4" daemon [_thread_blocked, id=81324, stack(0x0000000024ff0000,0x00000000250f0000)]
  0x0000000023661000 JavaThread "http-nio-8081-exec-3" daemon [_thread_blocked, id=47996, stack(0x0000000024ef0000,0x0000000024ff0000)]
  0x0000000023660000 JavaThread "http-nio-8081-exec-2" daemon [_thread_blocked, id=85776, stack(0x0000000024df0000,0x0000000024ef0000)]
  0x000000002365f800 JavaThread "http-nio-8081-exec-1" daemon [_thread_blocked, id=82356, stack(0x0000000024cf0000,0x0000000024df0000)]
  0x000000002365e800 JavaThread "NioBlockingSelector.BlockPoller-1" daemon [_thread_in_native, id=85156, stack(0x0000000024bf0000,0x0000000024cf0000)]
  0x00000000234ae800 JavaThread "container-0" [_thread_blocked, id=76596, stack(0x00000000246f0000,0x00000000247f0000)]
  0x0000000023482800 JavaThread "Catalina-utility-2" [_thread_blocked, id=81584, stack(0x00000000245f0000,0x00000000246f0000)]
  0x000000002345c000 JavaThread "Catalina-utility-1" [_thread_blocked, id=87524, stack(0x0000000022520000,0x0000000022620000)]
  0x0000000020f28000 JavaThread "RMI Scheduler(0)" daemon [_thread_blocked, id=77292, stack(0x00000000221c0000,0x00000000222c0000)]
  0x0000000020ee0800 JavaThread "RMI TCP Connection(4)-192.168.56.1" daemon [_thread_in_native, id=80032, stack(0x0000000021ec0000,0x0000000021fc0000)]
  0x00000000209e2800 JavaThread "JavaCPP Deallocator" daemon [_thread_blocked, id=84084, stack(0x0000000021c10000,0x0000000021d10000)]
  0x0000000020323000 JavaThread "RMI TCP Accept-0" daemon [_thread_in_native, id=80228, stack(0x0000000021810000,0x0000000021910000)]
  0x00000000201e2000 JavaThread "Service Thread" daemon [_thread_blocked, id=36788, stack(0x0000000020740000,0x0000000020840000)]
  0x0000000020124800 JavaThread "C1 CompilerThread3" daemon [_thread_blocked, id=87404, stack(0x0000000020640000,0x0000000020740000)]
  0x0000000020123800 JavaThread "C2 CompilerThread2" daemon [_thread_blocked, id=42864, stack(0x0000000020540000,0x0000000020640000)]
  0x0000000020123000 JavaThread "C2 CompilerThread1" daemon [_thread_blocked, id=87056, stack(0x0000000020440000,0x0000000020540000)]
  0x0000000020122000 JavaThread "C2 CompilerThread0" daemon [_thread_blocked, id=28892, stack(0x0000000020340000,0x0000000020440000)]
  0x000000001e376800 JavaThread "JDWP Command Reader" daemon [_thread_in_native, id=23600, stack(0x000000001fa40000,0x000000001fb40000)]
  0x000000001e372800 JavaThread "JDWP Event Helper Thread" daemon [_thread_blocked, id=87888, stack(0x000000001f940000,0x000000001fa40000)]
  0x000000001e367800 JavaThread "JDWP Transport Listener: dt_socket" daemon [_thread_blocked, id=86192, stack(0x000000001f840000,0x000000001f940000)]
  0x000000001e35a800 JavaThread "Attach Listener" daemon [_thread_blocked, id=84196, stack(0x000000001f740000,0x000000001f840000)]
  0x000000001e30c000 JavaThread "Signal Dispatcher" daemon [_thread_blocked, id=83744, stack(0x000000001f640000,0x000000001f740000)]
  0x000000001cc26800 JavaThread "Finalizer" daemon [_thread_blocked, id=87740, stack(0x000000001f540000,0x000000001f640000)]
  0x000000001cc1c000 JavaThread "Reference Handler" daemon [_thread_blocked, id=55684, stack(0x000000001f440000,0x000000001f540000)]

Other Threads:
  0x000000001e2c2800 VMThread [stack: 0x000000001f340000,0x000000001f440000] [id=84548]
  0x0000000020331000 WatcherThread [stack: 0x0000000021910000,0x0000000021a10000] [id=80308]

VM state:not at safepoint (normal execution)

VM Mutex/Monitor currently owned by a thread: None

Heap:
 PSYoungGen      total 331264K, used 120625K [0x000000076b800000, 0x0000000786200000, 0x00000007c0000000)
  eden space 313856K, 32% used [0x000000076b800000,0x0000000771ccfc78,0x000000077ea80000)
  from space 17408K, 99% used [0x000000077ea80000,0x000000077fb7c8f8,0x000000077fb80000)
  to   space 30720K, 0% used [0x0000000784400000,0x0000000784400000,0x0000000786200000)
 ParOldGen       total 140800K, used 49050K [0x00000006c2800000, 0x00000006cb180000, 0x000000076b800000)
  object space 140800K, 34% used [0x00000006c2800000,0x00000006c57e68e0,0x00000006cb180000)
 Metaspace       used 53445K, capacity 55500K, committed 55592K, reserved 1097728K
  class space    used 7057K, capacity 7422K, committed 7464K, reserved 1048576K

Card table byte_map: [0x00000000123f0000,0x0000000012be0000] byte_map_base: 0x000000000eddc000

Marking Bits: (ParMarkBitMap*) 0x00000000552fd4f0
 Begin Bits: [0x0000000013b30000, 0x0000000017a90000)
 End Bits:   [0x0000000017a90000, 0x000000001b9f0000)

Polling page: 0x0000000000f80000

CodeCache: size=245760Kb used=11902Kb max_used=11902Kb free=233857Kb
 bounds [0x0000000003030000, 0x0000000003be0000, 0x0000000012030000]
 total_blobs=6135 nmethods=5528 adapters=527
 compilation: enabled

Compilation events (10 events):
Event: 9.160 Thread 0x0000000020124800 5677  s    1       sun.font.FontFamily::addLocaleNames (45 bytes)
Event: 9.160 Thread 0x0000000020124800 nmethod 5677 0x0000000003bcfe50 code [0x0000000003bcffe0, 0x0000000003bd03b8]
Event: 9.160 Thread 0x0000000020124800 5676   !   1       sun.font.TrueTypeFont::getAllFamilyNames (33 bytes)
Event: 9.160 Thread 0x0000000020124800 nmethod 5676 0x0000000003bd0590 code [0x0000000003bd0700, 0x0000000003bd0a18]
Event: 9.177 Thread 0x0000000020124800 5678       1       java.nio.Buffer::clear (20 bytes)
Event: 9.177 Thread 0x0000000020124800 nmethod 5678 0x0000000003bd1990 code [0x0000000003bd1ae0, 0x0000000003bd1c10]
Event: 9.178 Thread 0x0000000020124800 5679       1       java.nio.ByteBufferAsCharBufferB::get (16 bytes)
Event: 9.178 Thread 0x0000000020124800 nmethod 5679 0x0000000003bd1c90 code [0x0000000003bd1e20, 0x0000000003bd2068]
Event: 9.178 Thread 0x0000000020124800 5680       1       java.nio.ByteBufferAsCharBufferB::ix (9 bytes)
Event: 9.178 Thread 0x0000000020124800 nmethod 5680 0x0000000003bd2210 code [0x0000000003bd2360, 0x0000000003bd2470]

GC Heap History (10 events):
Event: 3.952 GC heap before
{Heap before GC invocations=9 (full 1):
 PSYoungGen      total 138240K, used 137161K [0x000000076b800000, 0x000000077a780000, 0x00000007c0000000)
  eden space 129024K, 100% used [0x000000076b800000,0x0000000773600000,0x0000000773600000)
  from space 9216K, 88% used [0x0000000773600000,0x0000000773df26e0,0x0000000773f00000)
  to   space 10240K, 0% used [0x0000000779d80000,0x0000000779d80000,0x000000077a780000)
 ParOldGen       total 88576K, used 7555K [0x00000006c2800000, 0x00000006c7e80000, 0x000000076b800000)
  object space 88576K, 8% used [0x00000006c2800000,0x00000006c2f60eb0,0x00000006c7e80000)
 Metaspace       used 30966K, capacity 32158K, committed 32256K, reserved 1077248K
  class space    used 4078K, capacity 4297K, committed 4352K, reserved 1048576K
Event: 3.957 GC heap after
Heap after GC invocations=9 (full 1):
 PSYoungGen      total 232448K, used 10224K [0x000000076b800000, 0x000000077aa80000, 0x00000007c0000000)
  eden space 222208K, 0% used [0x000000076b800000,0x000000076b800000,0x0000000779100000)
  from space 10240K, 99% used [0x0000000779d80000,0x000000077a77c260,0x000000077a780000)
  to   space 12800K, 0% used [0x0000000779100000,0x0000000779100000,0x0000000779d80000)
 ParOldGen       total 88576K, used 10227K [0x00000006c2800000, 0x00000006c7e80000, 0x000000076b800000)
  object space 88576K, 11% used [0x00000006c2800000,0x00000006c31fce48,0x00000006c7e80000)
 Metaspace       used 30966K, capacity 32158K, committed 32256K, reserved 1077248K
  class space    used 4078K, capacity 4297K, committed 4352K, reserved 1048576K
}
Event: 4.335 GC heap before
{Heap before GC invocations=10 (full 1):
 PSYoungGen      total 232448K, used 102248K [0x000000076b800000, 0x000000077aa80000, 0x00000007c0000000)
  eden space 222208K, 41% used [0x000000076b800000,0x00000007711ddde8,0x0000000779100000)
  from space 10240K, 99% used [0x0000000779d80000,0x000000077a77c260,0x000000077a780000)
  to   space 12800K, 0% used [0x0000000779100000,0x0000000779100000,0x0000000779d80000)
 ParOldGen       total 88576K, used 10227K [0x00000006c2800000, 0x00000006c7e80000, 0x000000076b800000)
  object space 88576K, 11% used [0x00000006c2800000,0x00000006c31fce48,0x00000006c7e80000)
 Metaspace       used 33950K, capacity 35432K, committed 35496K, reserved 1079296K
  class space    used 4495K, capacity 4751K, committed 4776K, reserved 1048576K
Event: 4.340 GC heap after
Heap after GC invocations=10 (full 1):
 PSYoungGen      total 235008K, used 12785K [0x000000076b800000, 0x0000000780c80000, 0x00000007c0000000)
  eden space 222208K, 0% used [0x000000076b800000,0x000000076b800000,0x0000000779100000)
  from space 12800K, 99% used [0x0000000779100000,0x0000000779d7c6c0,0x0000000779d80000)
  to   space 15360K, 0% used [0x000000077fd80000,0x000000077fd80000,0x0000000780c80000)
 ParOldGen       total 88576K, used 11816K [0x00000006c2800000, 0x00000006c7e80000, 0x000000076b800000)
  object space 88576K, 13% used [0x00000006c2800000,0x00000006c338a210,0x00000006c7e80000)
 Metaspace       used 33950K, capacity 35432K, committed 35496K, reserved 1079296K
  class space    used 4495K, capacity 4751K, committed 4776K, reserved 1048576K
}
Event: 4.341 GC heap before
{Heap before GC invocations=11 (full 2):
 PSYoungGen      total 235008K, used 12785K [0x000000076b800000, 0x0000000780c80000, 0x00000007c0000000)
  eden space 222208K, 0% used [0x000000076b800000,0x000000076b800000,0x0000000779100000)
  from space 12800K, 99% used [0x0000000779100000,0x0000000779d7c6c0,0x0000000779d80000)
  to   space 15360K, 0% used [0x000000077fd80000,0x000000077fd80000,0x0000000780c80000)
 ParOldGen       total 88576K, used 11816K [0x00000006c2800000, 0x00000006c7e80000, 0x000000076b800000)
  object space 88576K, 13% used [0x00000006c2800000,0x00000006c338a210,0x00000006c7e80000)
 Metaspace       used 33950K, capacity 35432K, committed 35496K, reserved 1079296K
  class space    used 4495K, capacity 4751K, committed 4776K, reserved 1048576K
Event: 4.369 GC heap after
Heap after GC invocations=11 (full 2):
 PSYoungGen      total 235008K, used 0K [0x000000076b800000, 0x0000000780c80000, 0x00000007c0000000)
  eden space 222208K, 0% used [0x000000076b800000,0x000000076b800000,0x0000000779100000)
  from space 12800K, 0% used [0x0000000779100000,0x0000000779100000,0x0000000779d80000)
  to   space 15360K, 0% used [0x000000077fd80000,0x000000077fd80000,0x0000000780c80000)
 ParOldGen       total 140800K, used 19074K [0x00000006c2800000, 0x00000006cb180000, 0x000000076b800000)
  object space 140800K, 13% used [0x00000006c2800000,0x00000006c3aa0808,0x00000006cb180000)
 Metaspace       used 33950K, capacity 35432K, committed 35496K, reserved 1079296K
  class space    used 4495K, capacity 4751K, committed 4776K, reserved 1048576K
}
Event: 5.896 GC heap before
{Heap before GC invocations=12 (full 2):
 PSYoungGen      total 235008K, used 222208K [0x000000076b800000, 0x0000000780c80000, 0x00000007c0000000)
  eden space 222208K, 100% used [0x000000076b800000,0x0000000779100000,0x0000000779100000)
  from space 12800K, 0% used [0x0000000779100000,0x0000000779100000,0x0000000779d80000)
  to   space 15360K, 0% used [0x000000077fd80000,0x000000077fd80000,0x0000000780c80000)
 ParOldGen       total 140800K, used 19074K [0x00000006c2800000, 0x00000006cb180000, 0x000000076b800000)
  object space 140800K, 13% used [0x00000006c2800000,0x00000006c3aa0808,0x00000006cb180000)
 Metaspace       used 43428K, capacity 45128K, committed 45352K, reserved 1089536K
  class space    used 5880K, capacity 6177K, committed 6184K, reserved 1048576K
Event: 5.904 GC heap after
Heap after GC invocations=12 (full 2):
 PSYoungGen      total 301568K, used 15334K [0x000000076b800000, 0x0000000780c80000, 0x00000007c0000000)
  eden space 286208K, 0% used [0x000000076b800000,0x000000076b800000,0x000000077cf80000)
  from space 15360K, 99% used [0x000000077fd80000,0x0000000780c79ae0,0x0000000780c80000)
  to   space 17408K, 0% used [0x000000077ea80000,0x000000077ea80000,0x000000077fb80000)
 ParOldGen       total 140800K, used 19366K [0x00000006c2800000, 0x00000006cb180000, 0x000000076b800000)
  object space 140800K, 13% used [0x00000006c2800000,0x00000006c3ae9968,0x00000006cb180000)
 Metaspace       used 43428K, capacity 45128K, committed 45352K, reserved 1089536K
  class space    used 5880K, capacity 6177K, committed 6184K, reserved 1048576K
}
Event: 7.201 GC heap before
{Heap before GC invocations=13 (full 2):
 PSYoungGen      total 301568K, used 301542K [0x000000076b800000, 0x0000000780c80000, 0x00000007c0000000)
  eden space 286208K, 100% used [0x000000076b800000,0x000000077cf80000,0x000000077cf80000)
  from space 15360K, 99% used [0x000000077fd80000,0x0000000780c79ae0,0x0000000780c80000)
  to   space 17408K, 0% used [0x000000077ea80000,0x000000077ea80000,0x000000077fb80000)
 ParOldGen       total 140800K, used 19366K [0x00000006c2800000, 0x00000006cb180000, 0x000000076b800000)
  object space 140800K, 13% used [0x00000006c2800000,0x00000006c3ae9968,0x00000006cb180000)
 Metaspace       used 50767K, capacity 52712K, committed 53032K, reserved 1095680K
  class space    used 6786K, capacity 7105K, committed 7208K, reserved 1048576K
Event: 7.229 GC heap after
Heap after GC invocations=13 (full 2):
 PSYoungGen      total 331264K, used 17394K [0x000000076b800000, 0x0000000786200000, 0x00000007c0000000)
  eden space 313856K, 0% used [0x000000076b800000,0x000000076b800000,0x000000077ea80000)
  from space 17408K, 99% used [0x000000077ea80000,0x000000077fb7c8f8,0x000000077fb80000)
  to   space 30720K, 0% used [0x0000000784400000,0x0000000784400000,0x0000000786200000)
 ParOldGen       total 140800K, used 49050K [0x00000006c2800000, 0x00000006cb180000, 0x000000076b800000)
  object space 140800K, 34% used [0x00000006c2800000,0x00000006c57e68e0,0x00000006cb180000)
 Metaspace       used 50767K, capacity 52712K, committed 53032K, reserved 1095680K
  class space    used 6786K, capacity 7105K, committed 7208K, reserved 1048576K
}

Deoptimization events (0 events):
No events

Internal exceptions (10 events):
Event: 8.195 Thread 0x0000000023662000 Exception <a 'sun/nio/fs/WindowsException'> (0x0000000770770b30) thrown at [C:\workspace\8-2-build-windows-amd64-cygwin\jdk8u31\2394\hotspot\src\share\vm\prims\jni.cpp, line 716]
Event: 8.195 Thread 0x0000000023662000 Exception <a 'sun/nio/fs/WindowsException'> (0x0000000770772118) thrown at [C:\workspace\8-2-build-windows-amd64-cygwin\jdk8u31\2394\hotspot\src\share\vm\prims\jni.cpp, line 716]
Event: 8.483 Thread 0x0000000023662000 Exception <a 'java/security/PrivilegedActionException'> (0x0000000770778d58) thrown at [C:\workspace\8-2-build-windows-amd64-cygwin\jdk8u31\2394\hotspot\src\share\vm\prims\jvm.cpp, line 1312]
Event: 8.484 Thread 0x0000000023662000 Exception <a 'java/security/PrivilegedActionException'> (0x00000007707a2f48) thrown at [C:\workspace\8-2-build-windows-amd64-cygwin\jdk8u31\2394\hotspot\src\share\vm\prims\jvm.cpp, line 1312]
Event: 8.553 Thread 0x0000000023662000 Exception <a 'java/security/PrivilegedActionException'> (0x00000007709161e0) thrown at [C:\workspace\8-2-build-windows-amd64-cygwin\jdk8u31\2394\hotspot\src\share\vm\prims\jvm.cpp, line 1312]
Event: 8.554 Thread 0x0000000023662000 Exception <a 'java/security/PrivilegedActionException'> (0x0000000770925c18) thrown at [C:\workspace\8-2-build-windows-amd64-cygwin\jdk8u31\2394\hotspot\src\share\vm\prims\jvm.cpp, line 1312]
Event: 8.554 Thread 0x0000000023662000 Exception <a 'java/security/PrivilegedActionException'> (0x00000007709369e8) thrown at [C:\workspace\8-2-build-windows-amd64-cygwin\jdk8u31\2394\hotspot\src\share\vm\prims\jvm.cpp, line 1312]
Event: 8.554 Thread 0x0000000023662000 Exception <a 'java/security/PrivilegedActionException'> (0x0000000770947170) thrown at [C:\workspace\8-2-build-windows-amd64-cygwin\jdk8u31\2394\hotspot\src\share\vm\prims\jvm.cpp, line 1312]
Event: 8.555 Thread 0x0000000023662000 Exception <a 'java/io/FileNotFoundException'> (0x000000077095b0b0) thrown at [C:\workspace\8-2-build-windows-amd64-cygwin\jdk8u31\2394\hotspot\src\share\vm\prims\jni.cpp, line 716]
Event: 8.829 Thread 0x0000000023662000 Exception <a 'java/io/FileNotFoundException'> (0x00000007710584e0) thrown at [C:\workspace\8-2-build-windows-amd64-cygwin\jdk8u31\2394\hotspot\src\share\vm\prims\jni.cpp, line 716]

Events (10 events):
Event: 9.178 loading class java/nio/ByteBufferAsCharBufferB
Event: 9.178 loading class java/nio/ByteBufferAsCharBufferB done
Event: 9.178 loading class sun/font/FontStrikeDisposer
Event: 9.178 loading class sun/java2d/Disposer$PollDisposable
Event: 9.178 loading class sun/java2d/Disposer$PollDisposable done
Event: 9.178 loading class sun/font/FontStrikeDisposer done
Event: 9.178 loading class sun/font/StrikeCache$SoftDisposerRef
Event: 9.178 loading class sun/font/StrikeCache$DisposableStrike
Event: 9.178 loading class sun/font/StrikeCache$DisposableStrike done
Event: 9.178 loading class sun/font/StrikeCache$SoftDisposerRef done


Dynamic libraries:
0x00007ff7f53c0000 - 0x00007ff7f53f4000 	C:\Program Files\Java\jdk1.8.0_31\bin\java.exe
0x00007ffc361e0000 - 0x00007ffc363d0000 	C:\Windows\SYSTEM32\ntdll.dll
0x00007ffc34e30000 - 0x00007ffc34ee2000 	C:\Windows\System32\KERNEL32.DLL
0x00007ffc33d70000 - 0x00007ffc34015000 	C:\Windows\System32\KERNELBASE.dll
0x00007ffc35b80000 - 0x00007ffc35c23000 	C:\Windows\System32\ADVAPI32.dll
0x00007ffc35d50000 - 0x00007ffc35dee000 	C:\Windows\System32\msvcrt.dll
0x00007ffc35f60000 - 0x00007ffc35ff7000 	C:\Windows\System32\sechost.dll
0x00007ffc349f0000 - 0x00007ffc34b10000 	C:\Windows\System32\RPCRT4.dll
0x00007ffc36000000 - 0x00007ffc36194000 	C:\Windows\System32\USER32.dll
0x00007ffc33b60000 - 0x00007ffc33b81000 	C:\Windows\System32\win32u.dll
0x00007ffc35eb0000 - 0x00007ffc35ed6000 	C:\Windows\System32\GDI32.dll
0x00007ffc34020000 - 0x00007ffc341b6000 	C:\Windows\System32\gdi32full.dll
0x00007ffc341f0000 - 0x00007ffc3428e000 	C:\Windows\System32\msvcp_win.dll
0x00007ffc33a10000 - 0x00007ffc33b0a000 	C:\Windows\System32\ucrtbase.dll
0x00007ffc25600000 - 0x00007ffc25884000 	C:\Windows\WinSxS\amd64_microsoft.windows.common-controls_6595b64144ccf1df_6.0.18362.1256_none_9e7e379be45e40e2\COMCTL32.dll
0x00007ffc34290000 - 0x00007ffc345c6000 	C:\Windows\System32\combase.dll
0x00007ffc33ce0000 - 0x00007ffc33d61000 	C:\Windows\System32\bcryptPrimitives.dll
0x00007ffc345d0000 - 0x00007ffc345fe000 	C:\Windows\System32\IMM32.DLL
0x0000000055380000 - 0x0000000055452000 	C:\Program Files\Java\jdk1.8.0_31\jre\bin\msvcr100.dll
0x0000000054b20000 - 0x000000005537a000 	C:\Program Files\Java\jdk1.8.0_31\jre\bin\server\jvm.dll
0x00007ffc34e20000 - 0x00007ffc34e28000 	C:\Windows\System32\PSAPI.DLL
0x00007ffc30e80000 - 0x00007ffc30e89000 	C:\Windows\SYSTEM32\WSOCK32.dll
0x00007ffc30cb0000 - 0x00007ffc30cd4000 	C:\Windows\SYSTEM32\WINMM.dll
0x00007ffc35c30000 - 0x00007ffc35c9f000 	C:\Windows\System32\WS2_32.dll
0x00007ffc30830000 - 0x00007ffc3085d000 	C:\Windows\SYSTEM32\winmmbase.dll
0x00007ffc33b10000 - 0x00007ffc33b5a000 	C:\Windows\System32\cfgmgr32.dll
0x0000000056f60000 - 0x0000000056f6f000 	C:\Program Files\Java\jdk1.8.0_31\jre\bin\verify.dll
0x0000000056f30000 - 0x0000000056f58000 	C:\Program Files\Java\jdk1.8.0_31\jre\bin\java.dll
0x0000000056fe0000 - 0x0000000057015000 	C:\Program Files\Java\jdk1.8.0_31\jre\bin\jdwp.dll
0x0000000056fd0000 - 0x0000000056fd8000 	C:\Program Files\Java\jdk1.8.0_31\jre\bin\npt.dll
0x0000000056fa0000 - 0x0000000056fc3000 	C:\Program Files\Java\jdk1.8.0_31\jre\bin\instrument.dll
0x0000000056f10000 - 0x0000000056f26000 	C:\Program Files\Java\jdk1.8.0_31\jre\bin\zip.dll
0x00007ffc35490000 - 0x00007ffc35b77000 	C:\Windows\System32\SHELL32.dll
0x00007ffc35e00000 - 0x00007ffc35ea9000 	C:\Windows\System32\shcore.dll
0x00007ffc33200000 - 0x00007ffc33981000 	C:\Windows\System32\windows.storage.dll
0x00007ffc33120000 - 0x00007ffc33143000 	C:\Windows\System32\profapi.dll
0x00007ffc330d0000 - 0x00007ffc3311a000 	C:\Windows\System32\powrprof.dll
0x00007ffc33080000 - 0x00007ffc33090000 	C:\Windows\System32\UMPDC.dll
0x00007ffc35430000 - 0x00007ffc35482000 	C:\Windows\System32\shlwapi.dll
0x00007ffc33090000 - 0x00007ffc330a1000 	C:\Windows\System32\kernel.appcore.dll
0x00007ffc339f0000 - 0x00007ffc33a07000 	C:\Windows\System32\cryptsp.dll
0x0000000056f90000 - 0x0000000056f99000 	C:\Program Files\Java\jdk1.8.0_31\jre\bin\dt_socket.dll
0x00007ffc32870000 - 0x00007ffc328d7000 	C:\Windows\system32\mswsock.dll
0x0000000056ef0000 - 0x0000000056f0a000 	C:\Program Files\Java\jdk1.8.0_31\jre\bin\net.dll
0x00007ffc325c0000 - 0x00007ffc3268b000 	C:\Windows\SYSTEM32\DNSAPI.dll
0x00007ffc35df0000 - 0x00007ffc35df8000 	C:\Windows\System32\NSI.dll
0x00007ffc32580000 - 0x00007ffc325ba000 	C:\Windows\SYSTEM32\IPHLPAPI.DLL
0x00007ffc2b9d0000 - 0x00007ffc2b9da000 	C:\Windows\System32\rasadhlp.dll
0x00007ffc2c340000 - 0x00007ffc2c3b7000 	C:\Windows\System32\fwpuclnt.dll
0x00007ffc341c0000 - 0x00007ffc341e6000 	C:\Windows\System32\bcrypt.dll
0x0000000056f80000 - 0x0000000056f8d000 	C:\Program Files\Java\jdk1.8.0_31\jre\bin\management.dll
0x0000000054b00000 - 0x0000000054b11000 	C:\Program Files\Java\jdk1.8.0_31\jre\bin\nio.dll
0x00007ffc323e0000 - 0x00007ffc32413000 	C:\Windows\system32\rsaenh.dll
0x00007ffc32fa0000 - 0x00007ffc32fc5000 	C:\Windows\SYSTEM32\USERENV.dll
0x00007ffc32aa0000 - 0x00007ffc32aac000 	C:\Windows\SYSTEM32\CRYPTBASE.dll
0x00007ffc2c8f0000 - 0x00007ffc2c906000 	C:\Windows\SYSTEM32\dhcpcsvc6.DLL
0x00007ffc2c8d0000 - 0x00007ffc2c8ec000 	C:\Windows\SYSTEM32\dhcpcsvc.DLL
0x00007ffc1e330000 - 0x00007ffc1e346000 	C:\Windows\system32\napinsp.dll
0x00007ffc1cc10000 - 0x00007ffc1cc2a000 	C:\Windows\system32\pnrpnsp.dll
0x00007ffc1e170000 - 0x00007ffc1e17e000 	C:\Windows\System32\winrnr.dll
0x00007ffc2f420000 - 0x00007ffc2f43c000 	C:\Windows\system32\NLAapi.dll
0x00007ffc1cb80000 - 0x00007ffc1cb95000 	C:\Windows\system32\wshbth.dll
0x0000000000fc0000 - 0x0000000000fc3000 	C:\Users\admin\.javacpp\cache\javacpp-1.5.3-windows-x86_64.jar\org\bytedeco\javacpp\windows-x86_64\api-ms-win-crt-locale-l1-1-0.dll
0x0000000002ce0000 - 0x0000000002ce4000 	C:\Users\admin\.javacpp\cache\javacpp-1.5.3-windows-x86_64.jar\org\bytedeco\javacpp\windows-x86_64\api-ms-win-crt-string-l1-1-0.dll
0x0000000002cf0000 - 0x0000000002cf4000 	C:\Users\admin\.javacpp\cache\javacpp-1.5.3-windows-x86_64.jar\org\bytedeco\javacpp\windows-x86_64\api-ms-win-crt-stdio-l1-1-0.dll
0x0000000002d00000 - 0x0000000002d05000 	C:\Users\admin\.javacpp\cache\javacpp-1.5.3-windows-x86_64.jar\org\bytedeco\javacpp\windows-x86_64\api-ms-win-crt-math-l1-1-0.dll
0x0000000002d10000 - 0x0000000002d13000 	C:\Users\admin\.javacpp\cache\javacpp-1.5.3-windows-x86_64.jar\org\bytedeco\javacpp\windows-x86_64\api-ms-win-crt-heap-l1-1-0.dll
0x0000000021a10000 - 0x0000000021a14000 	C:\Users\admin\.javacpp\cache\javacpp-1.5.3-windows-x86_64.jar\org\bytedeco\javacpp\windows-x86_64\api-ms-win-crt-runtime-l1-1-0.dll
0x0000000021a20000 - 0x0000000021a24000 	C:\Users\admin\.javacpp\cache\javacpp-1.5.3-windows-x86_64.jar\org\bytedeco\javacpp\windows-x86_64\api-ms-win-crt-convert-l1-1-0.dll
0x0000000021a30000 - 0x0000000021a33000 	C:\Users\admin\.javacpp\cache\javacpp-1.5.3-windows-x86_64.jar\org\bytedeco\javacpp\windows-x86_64\api-ms-win-crt-environment-l1-1-0.dll
0x0000000021a40000 - 0x0000000021a43000 	C:\Users\admin\.javacpp\cache\javacpp-1.5.3-windows-x86_64.jar\org\bytedeco\javacpp\windows-x86_64\api-ms-win-crt-time-l1-1-0.dll
0x0000000021a50000 - 0x0000000021a53000 	C:\Users\admin\.javacpp\cache\javacpp-1.5.3-windows-x86_64.jar\org\bytedeco\javacpp\windows-x86_64\api-ms-win-crt-filesystem-l1-1-0.dll
0x0000000021a60000 - 0x0000000021a63000 	C:\Users\admin\.javacpp\cache\javacpp-1.5.3-windows-x86_64.jar\org\bytedeco\javacpp\windows-x86_64\api-ms-win-crt-utility-l1-1-0.dll
0x0000000021a70000 - 0x0000000021a75000 	C:\Users\admin\.javacpp\cache\javacpp-1.5.3-windows-x86_64.jar\org\bytedeco\javacpp\windows-x86_64\api-ms-win-crt-multibyte-l1-1-0.dll
0x0000000021a80000 - 0x0000000021a83000 	C:\Users\admin\.javacpp\cache\javacpp-1.5.3-windows-x86_64.jar\org\bytedeco\javacpp\windows-x86_64\api-ms-win-core-string-l1-1-0.dll
0x0000000021a90000 - 0x0000000021a93000 	C:\Users\admin\.javacpp\cache\javacpp-1.5.3-windows-x86_64.jar\org\bytedeco\javacpp\windows-x86_64\api-ms-win-core-errorhandling-l1-1-0.dll
0x0000000021aa0000 - 0x0000000021aa3000 	C:\Users\admin\.javacpp\cache\javacpp-1.5.3-windows-x86_64.jar\org\bytedeco\javacpp\windows-x86_64\api-ms-win-core-timezone-l1-1-0.dll
0x0000000021ab0000 - 0x0000000021ab4000 	C:\Users\admin\.javacpp\cache\javacpp-1.5.3-windows-x86_64.jar\org\bytedeco\javacpp\windows-x86_64\api-ms-win-core-file-l1-1-0.dll
0x0000000021ac0000 - 0x0000000021ac3000 	C:\Users\admin\.javacpp\cache\javacpp-1.5.3-windows-x86_64.jar\org\bytedeco\javacpp\windows-x86_64\api-ms-win-core-namedpipe-l1-1-0.dll
0x0000000021ad0000 - 0x0000000021ad3000 	C:\Users\admin\.javacpp\cache\javacpp-1.5.3-windows-x86_64.jar\org\bytedeco\javacpp\windows-x86_64\api-ms-win-core-handle-l1-1-0.dll
0x0000000021ae0000 - 0x0000000021ae3000 	C:\Users\admin\.javacpp\cache\javacpp-1.5.3-windows-x86_64.jar\org\bytedeco\javacpp\windows-x86_64\api-ms-win-core-file-l2-1-0.dll
0x0000000021af0000 - 0x0000000021af3000 	C:\Users\admin\.javacpp\cache\javacpp-1.5.3-windows-x86_64.jar\org\bytedeco\javacpp\windows-x86_64\api-ms-win-core-heap-l1-1-0.dll
0x0000000021b00000 - 0x0000000021b03000 	C:\Users\admin\.javacpp\cache\javacpp-1.5.3-windows-x86_64.jar\org\bytedeco\javacpp\windows-x86_64\api-ms-win-core-libraryloader-l1-1-0.dll
0x0000000021b10000 - 0x0000000021b13000 	C:\Users\admin\.javacpp\cache\javacpp-1.5.3-windows-x86_64.jar\org\bytedeco\javacpp\windows-x86_64\api-ms-win-core-synch-l1-1-0.dll
0x0000000021b20000 - 0x0000000021b23000 	C:\Users\admin\.javacpp\cache\javacpp-1.5.3-windows-x86_64.jar\org\bytedeco\javacpp\windows-x86_64\api-ms-win-core-processthreads-l1-1-0.dll
0x0000000021b30000 - 0x0000000021b33000 	C:\Users\admin\.javacpp\cache\javacpp-1.5.3-windows-x86_64.jar\org\bytedeco\javacpp\windows-x86_64\api-ms-win-core-processenvironment-l1-1-0.dll
0x0000000021b40000 - 0x0000000021b43000 	C:\Users\admin\.javacpp\cache\javacpp-1.5.3-windows-x86_64.jar\org\bytedeco\javacpp\windows-x86_64\api-ms-win-core-datetime-l1-1-0.dll
0x0000000021b50000 - 0x0000000021b53000 	C:\Users\admin\.javacpp\cache\javacpp-1.5.3-windows-x86_64.jar\org\bytedeco\javacpp\windows-x86_64\api-ms-win-core-localization-l1-2-0.dll
0x0000000021b60000 - 0x0000000021b63000 	C:\Users\admin\.javacpp\cache\javacpp-1.5.3-windows-x86_64.jar\org\bytedeco\javacpp\windows-x86_64\api-ms-win-core-sysinfo-l1-1-0.dll
0x0000000021b70000 - 0x0000000021b73000 	C:\Users\admin\.javacpp\cache\javacpp-1.5.3-windows-x86_64.jar\org\bytedeco\javacpp\windows-x86_64\api-ms-win-core-synch-l1-2-0.dll
0x0000000021b80000 - 0x0000000021b83000 	C:\Users\admin\.javacpp\cache\javacpp-1.5.3-windows-x86_64.jar\org\bytedeco\javacpp\windows-x86_64\api-ms-win-core-console-l1-1-0.dll
0x0000000021b90000 - 0x0000000021b93000 	C:\Users\admin\.javacpp\cache\javacpp-1.5.3-windows-x86_64.jar\org\bytedeco\javacpp\windows-x86_64\api-ms-win-core-debug-l1-1-0.dll
0x0000000021ba0000 - 0x0000000021ba3000 	C:\Users\admin\.javacpp\cache\javacpp-1.5.3-windows-x86_64.jar\org\bytedeco\javacpp\windows-x86_64\api-ms-win-core-rtlsupport-l1-1-0.dll
0x0000000021bb0000 - 0x0000000021bb3000 	C:\Users\admin\.javacpp\cache\javacpp-1.5.3-windows-x86_64.jar\org\bytedeco\javacpp\windows-x86_64\api-ms-win-core-processthreads-l1-1-1.dll
0x0000000021bc0000 - 0x0000000021bc3000 	C:\Users\admin\.javacpp\cache\javacpp-1.5.3-windows-x86_64.jar\org\bytedeco\javacpp\windows-x86_64\api-ms-win-core-file-l1-2-0.dll
0x0000000021bd0000 - 0x0000000021bd3000 	C:\Users\admin\.javacpp\cache\javacpp-1.5.3-windows-x86_64.jar\org\bytedeco\javacpp\windows-x86_64\api-ms-win-core-profile-l1-1-0.dll
0x0000000021be0000 - 0x0000000021be3000 	C:\Users\admin\.javacpp\cache\javacpp-1.5.3-windows-x86_64.jar\org\bytedeco\javacpp\windows-x86_64\api-ms-win-core-memory-l1-1-0.dll
0x0000000021bf0000 - 0x0000000021bf3000 	C:\Users\admin\.javacpp\cache\javacpp-1.5.3-windows-x86_64.jar\org\bytedeco\javacpp\windows-x86_64\api-ms-win-core-util-l1-1-0.dll
0x0000000021c00000 - 0x0000000021c03000 	C:\Users\admin\.javacpp\cache\javacpp-1.5.3-windows-x86_64.jar\org\bytedeco\javacpp\windows-x86_64\api-ms-win-core-interlocked-l1-1-0.dll
0x00007ffbf9c90000 - 0x00007ffbf9d8a000 	C:\Users\admin\.javacpp\cache\javacpp-1.5.3-windows-x86_64.jar\org\bytedeco\javacpp\windows-x86_64\ucrtbase.dll
0x00007ffc28640000 - 0x00007ffc28655000 	C:\Users\admin\.javacpp\cache\javacpp-1.5.3-windows-x86_64.jar\org\bytedeco\javacpp\windows-x86_64\vcruntime140.dll
0x00007ffbfa4d0000 - 0x00007ffbfa56b000 	C:\Users\admin\.javacpp\cache\javacpp-1.5.3-windows-x86_64.jar\org\bytedeco\javacpp\windows-x86_64\msvcp140.dll
0x00007ffc24cf0000 - 0x00007ffc24d41000 	C:\Users\admin\.javacpp\cache\javacpp-1.5.3-windows-x86_64.jar\org\bytedeco\javacpp\windows-x86_64\concrt140.dll
0x00007ffc265e0000 - 0x00007ffc26607000 	C:\Users\admin\.javacpp\cache\javacpp-1.5.3-windows-x86_64.jar\org\bytedeco\javacpp\windows-x86_64\vcomp140.dll
0x00007ffc28600000 - 0x00007ffc2860e000 	C:\Users\admin\.javacpp\cache\javacpp-1.5.3-windows-x86_64.jar\org\bytedeco\javacpp\windows-x86_64\jnijavacpp.dll
0x00007ffbf5150000 - 0x00007ffbf52a7000 	C:\Users\admin\.javacpp\cache\ffmpeg-4.2.2-1.5.3-windows-x86_64.jar\org\bytedeco\ffmpeg\windows-x86_64\avutil-56.dll
0x000000006fe00000 - 0x000000006ff0e000 	C:\Users\admin\.javacpp\cache\ffmpeg-4.2.2-1.5.3-windows-x86_64.jar\org\bytedeco\ffmpeg\windows-x86_64\jniavutil.dll
0x00007ffc26290000 - 0x00007ffc262b7000 	C:\Users\admin\.javacpp\cache\ffmpeg-4.2.2-1.5.3-windows-x86_64.jar\org\bytedeco\ffmpeg\windows-x86_64\swresample-3.dll
0x0000000070080000 - 0x00000000700ae000 	C:\Users\admin\.javacpp\cache\ffmpeg-4.2.2-1.5.3-windows-x86_64.jar\org\bytedeco\ffmpeg\windows-x86_64\jniswresample.dll
0x00007ffbc3370000 - 0x00007ffbc6550000 	C:\Users\admin\.javacpp\cache\ffmpeg-4.2.2-1.5.3-windows-x86_64.jar\org\bytedeco\ffmpeg\windows-x86_64\avcodec-58.dll
0x00007ffc34890000 - 0x00007ffc349e7000 	C:\Windows\System32\ole32.dll
0x000000006a1c0000 - 0x000000006a2a7000 	C:\Users\admin\.javacpp\cache\ffmpeg-4.2.2-1.5.3-windows-x86_64.jar\org\bytedeco\ffmpeg\windows-x86_64\jniavcodec.dll
0x00007ffbc91f0000 - 0x00007ffbc9732000 	C:\Users\admin\.javacpp\cache\ffmpeg-4.2.2-1.5.3-windows-x86_64.jar\org\bytedeco\ffmpeg\windows-x86_64\avformat-58.dll
0x00007ffc33b90000 - 0x00007ffc33cd9000 	C:\Windows\System32\CRYPT32.dll
0x00007ffc330b0000 - 0x00007ffc330c2000 	C:\Windows\System32\MSASN1.dll
0x000000006abc0000 - 0x000000006ac83000 	C:\Users\admin\.javacpp\cache\ffmpeg-4.2.2-1.5.3-windows-x86_64.jar\org\bytedeco\ffmpeg\windows-x86_64\jniavformat.dll
0x00007ffbf50b0000 - 0x00007ffbf5147000 	C:\Users\admin\.javacpp\cache\ffmpeg-4.2.2-1.5.3-windows-x86_64.jar\org\bytedeco\ffmpeg\windows-x86_64\swscale-5.dll
0x0000000067cc0000 - 0x0000000067cf3000 	C:\Users\admin\.javacpp\cache\ffmpeg-4.2.2-1.5.3-windows-x86_64.jar\org\bytedeco\ffmpeg\windows-x86_64\jniswscale.dll
0x00007ffc25e70000 - 0x00007ffc25e9a000 	C:\Users\admin\.javacpp\cache\ffmpeg-4.2.2-1.5.3-windows-x86_64.jar\org\bytedeco\ffmpeg\windows-x86_64\postproc-55.dll
0x000000006a0c0000 - 0x000000006a0ed000 	C:\Users\admin\.javacpp\cache\ffmpeg-4.2.2-1.5.3-windows-x86_64.jar\org\bytedeco\ffmpeg\windows-x86_64\jnipostproc.dll
0x00007ffbea320000 - 0x00007ffbea70f000 	C:\Users\admin\.javacpp\cache\ffmpeg-4.2.2-1.5.3-windows-x86_64.jar\org\bytedeco\ffmpeg\windows-x86_64\avfilter-7.dll
0x0000000064400000 - 0x0000000064459000 	C:\Users\admin\.javacpp\cache\ffmpeg-4.2.2-1.5.3-windows-x86_64.jar\org\bytedeco\ffmpeg\windows-x86_64\jniavfilter.dll
0x00007ffc254f0000 - 0x00007ffc2551c000 	C:\Users\admin\.javacpp\cache\ffmpeg-4.2.2-1.5.3-windows-x86_64.jar\org\bytedeco\ffmpeg\windows-x86_64\avdevice-58.dll
0x00007ffc34660000 - 0x00007ffc34725000 	C:\Windows\System32\OLEAUT32.dll
0x00007ffc284d0000 - 0x00007ffc284e8000 	C:\Windows\SYSTEM32\AVICAP32.dll
0x00007ffc17800000 - 0x00007ffc17829000 	C:\Windows\SYSTEM32\MSVFW32.dll
0x00000000222e0000 - 0x0000000022312000 	C:\Users\admin\.javacpp\cache\ffmpeg-4.2.2-1.5.3-windows-x86_64.jar\org\bytedeco\ffmpeg\windows-x86_64\jniavdevice.dll
0x0000000057020000 - 0x0000000057044000 	C:\Program Files\Java\jdk1.8.0_31\jre\bin\sunec.dll

VM Arguments:
jvm_args: -agentlib:jdwp=transport=dt_socket,address=127.0.0.1:59269,suspend=y,server=n -XX:TieredStopAtLevel=1 -Xverify:none -Dspring.output.ansi.enabled=always -Dcom.sun.management.jmxremote -Dspring.jmx.enabled=true -Dspring.liveBeansView.mbeanDomain -Dspring.application.admin.enabled=true -javaagent:C:\Users\admin\.IntelliJIdea2019.1\system\captureAgent\debugger-agent.jar -Dfile.encoding=UTF-8 
java_command: de.onvif.OnvifApplication
java_class_path (initial): C:\Program Files\Java\jdk1.8.0_31\jre\lib\charsets.jar;C:\Program Files\Java\jdk1.8.0_31\jre\lib\deploy.jar;C:\Program Files\Java\jdk1.8.0_31\jre\lib\ext\access-bridge-64.jar;C:\Program Files\Java\jdk1.8.0_31\jre\lib\ext\cldrdata.jar;C:\Program Files\Java\jdk1.8.0_31\jre\lib\ext\dnsns.jar;C:\Program Files\Java\jdk1.8.0_31\jre\lib\ext\jaccess.jar;C:\Program Files\Java\jdk1.8.0_31\jre\lib\ext\jfxrt.jar;C:\Program Files\Java\jdk1.8.0_31\jre\lib\ext\localedata.jar;C:\Program Files\Java\jdk1.8.0_31\jre\lib\ext\nashorn.jar;C:\Program Files\Java\jdk1.8.0_31\jre\lib\ext\sunec.jar;C:\Program Files\Java\jdk1.8.0_31\jre\lib\ext\sunjce_provider.jar;C:\Program Files\Java\jdk1.8.0_31\jre\lib\ext\sunmscapi.jar;C:\Program Files\Java\jdk1.8.0_31\jre\lib\ext\sunpkcs11.jar;C:\Program Files\Java\jdk1.8.0_31\jre\lib\ext\zipfs.jar;C:\Program Files\Java\jdk1.8.0_31\jre\lib\javaws.jar;C:\Program Files\Java\jdk1.8.0_31\jre\lib\jce.jar;C:\Program Files\Java\jdk1.8.0_31\jre\lib\jfr.jar;C:\Program Files\Java\jdk1.8.0_31\jre\lib\jfxswt.jar;C:\Program Files\Java\jdk1.8.0_31\jre\lib\jsse.jar;C:\Program Files\Java\jdk1.8.0_31\jre\lib\management-agent.jar;C:\Program Files\Java\jdk1.8.0_31\jre\lib\plugin.jar;C:\Program Files\Java\jdk1.8.0_31\jre\lib\resources.jar;C:\Program Files\Java\jdk1.8.0_31\jre\lib\rt.jar;D:\myworkspace\onvif\simple_nvr\simple-nvr\onvif-java\target\classes;C:\Users\admin\.m2\repository\org\apache\cxf\cxf-rt-ws-security\3.3.2\cxf-rt-ws-security-3.3.2.jar;C:\Users\admin\.m2\repository\org\apache\cxf\cxf-core\3.3.2\cxf-core-3.3.2.jar;C:\Users\admin\.m2\repository\org\glassfish\jaxb\jaxb-runtime\2.3.1\jaxb-runtime-2.3.1.jar;C:\Users\admin\.m2\repository\org\glassfish\jaxb\txw2\2.3.1\txw2-2.3.1.jar;C:\Users\admin\.m2\repository\com\sun\istack\istack-commons-runtime\3.0.7\istack-commons-runtime-3.0.7.jar;C:\Users\admin\.m2\repository\com\sun\xml\fastinfoset\FastInfoset\1.2.15\FastInfoset-1.2.15.jar;C:\Users\admin\.m2\repository\com\fasterxml\woodstox\woo
Launcher Type: SUN_STANDARD

Environment Variables:
JAVA_HOME=C:\Program Files\Java\jdk1.8.0_31
CLASSPATH=C:\Program Files\Java\jdk1.8.0_31\bin
PATH=C:\ProgramData\Oracle\Java\javapath;C:\Windows\system32;C:\Windows;C:\Windows\System32\Wbem;C:\Windows\System32\WindowsPowerShell\v1.0\;C:\Windows\System32\OpenSSH\;C:\Program Files\TortoiseSVN\bin;C:\Program Files\nodejs\;C:\Users\admin\AppData\Local\Yarn\bin;C:\Go\bin;C:\Program Files\dotnet\;C:\Program Files\Microsoft SQL Server\130\Tools\Binn\;C:\Program Files\Microsoft SQL Server\Client SDK\ODBC\170\Tools\Binn\;C:\Program Files\Git\cmd;C:\Program Files\Git\bin;C:\Program Files\Git\mingw64\libexec\git-core;D:\soft\opencv\opencv\build\x64\vc15\bin;C:\Program Files\OpenSSL-Win64\bin;C:\Users\admin\AppData\Local\Microsoft\WindowsApps;C:\Users\admin\AppData\Roaming\npm;C:\Users\admin\AppData\Local\GitHubDesktop\bin;D:\soft\ffmpeg\ffmpeg\bin;C:\Users\admin\go\bin;C:\Go\bin;C:\Users\admin\.dotnet\tools;D:\soft\VSCode\Microsoft VS Code\bin;C:\Program Files\Git\bin;C:\Program Files\Git\mingw64\libexec\git-core;
USERNAME=admin
OS=Windows_NT
PROCESSOR_IDENTIFIER=Intel64 Family 6 Model 158 Stepping 10, GenuineIntel



---------------  S Y S T E M  ---------------

OS: Windows 8.1 , 64 bit Build 9600 

CPU:total 12 (6 cores per cpu, 2 threads per core) family 6 model 158 stepping 10, cmov, cx8, fxsr, mmx, sse, sse2, sse3, ssse3, sse4.1, sse4.2, popcnt, avx, avx2, aes, clmul, erms, rtm, lzcnt, ht, tsc, tscinvbit, bmi1, bmi2

Memory: 4k page, physical 16608096k(5679476k free), swap 49113952k(29696212k free)

vm_info: Java HotSpot(TM) 64-Bit Server VM (25.31-b07) for windows-amd64 JRE (1.8.0_31-b13), built on Dec 17 2014 21:00:28 by "java_re" with MS VC++ 10.0 (VS2010)

time: Wed Jan 06 16:11:07 2021
elapsed time: 9 seconds (0d 0h 0m 9s)

